2022-08-24 20:25:52,502 - pyswarms.single.global_best - INFO - Optimize for 1 iters with {'c1': 0.5, 'c2': 0.3, 'w': 0.9}
2022-08-24 20:26:00,304 - pyswarms.single.global_best - INFO - Optimization finished | best cost: 0.21353007351288153, best pos: [ 0.3380434   0.30224351 -0.29217275 -0.27293022  0.37815288 -0.38325155
 -0.32550911  0.46941889  3.62484596  2.51517662  2.46309279  3.55386623
  0.02749063]
2022-08-24 20:27:34,198 - pyswarms.single.global_best - INFO - Optimize for 1 iters with {'c1': 0.5, 'c2': 0.3, 'w': 0.9}
2022-08-24 20:27:41,694 - pyswarms.single.global_best - INFO - Optimization finished | best cost: 0.4190232808396464, best pos: [ 0.39552208  0.36109684 -0.23772004 -0.36370736  0.41978435 -0.33921194
 -0.49483202  0.48276132  3.70309274  2.50496607  2.50746783  3.52191221
  0.02956868]
2022-08-24 20:28:27,855 - pyswarms.single.global_best - INFO - Optimize for 1 iters with {'c1': 0.5, 'c2': 0.3, 'w': 0.9}
2022-08-24 20:28:35,541 - pyswarms.single.global_best - INFO - Optimization finished | best cost: 0.17277132551224067, best pos: [ 0.42239747  0.37545618 -0.33689554 -0.31661566  0.3266738  -0.3206445
 -0.40712852  0.34336616  3.64186607  2.59848584  2.58016138  3.59712038
  0.02057135]
2022-08-24 20:29:09,790 - pyswarms.single.global_best - INFO - Optimize for 1 iters with {'c1': 0.5, 'c2': 0.3, 'w': 0.9}
2022-08-24 20:29:17,554 - pyswarms.single.global_best - INFO - Optimization finished | best cost: 0.15172235655272326, best pos: [ 0.33479433  0.31155527 -0.27279529 -0.41659528  0.31473616 -0.42774906
 -0.47929255  0.3657302   3.65481024  2.61023212  2.50193544  3.57344348
  0.02232614]
2022-08-24 20:29:42,857 - pyswarms.single.global_best - INFO - Optimize for 1 iters with {'c1': 0.5, 'c2': 0.3, 'w': 0.9}
2022-08-24 20:29:50,469 - pyswarms.single.global_best - INFO - Optimization finished | best cost: 0.6543247433952535, best pos: [ 0.32220031  0.32685775 -0.21565127 -0.36995716  0.33817129 -0.45870506
 -0.31951997  0.38190042  3.59147053  2.5821262   2.64491596  3.55646169
  0.01647593]
2022-08-24 20:33:40,380 - pyswarms.single.global_best - INFO - Optimize for 10000 iters with {'c1': 0.5, 'c2': 0.3, 'w': 0.9}
2022-08-25 07:30:34,298 - pyswarms.single.global_best - INFO - Optimize for 2000 iters with {'c1': 0.5, 'c2': 0.3, 'w': 0.9}
2022-08-25 07:32:54,377 - pyswarms.single.global_best - INFO - Optimize for 2000 iters with {'c1': 0.5, 'c2': 0.3, 'w': 0.9}
2022-08-25 07:33:53,915 - pyswarms.single.global_best - INFO - Optimize for 2000 iters with {'c1': 0.5, 'c2': 0.3, 'w': 0.9}
2022-08-25 07:35:04,503 - pyswarms.single.global_best - INFO - Optimize for 2000 iters with {'c1': 0.5, 'c2': 0.3, 'w': 0.9}
2022-08-25 07:35:32,573 - pyswarms.single.global_best - INFO - Optimize for 2000 iters with {'c1': 0.5, 'c2': 0.3, 'w': 0.9}
2022-08-25 08:16:53,112 - pyswarms.single.global_best - INFO - Optimization finished | best cost: 0.048891957531678694, best pos: [ 0.27898167  0.30841604 -0.31686191 -0.36398927  0.34423891 -0.4189455
 -0.38858602  0.32257022  3.61579305  2.53704313  2.53869832  3.60930121
  0.02600567]
2022-08-25 09:08:47,575 - pyswarms.single.global_best - INFO - Optimize for 1000 iters with {'c1': 0.5, 'c2': 0.3, 'w': 0.9}
2022-08-25 09:30:26,144 - pyswarms.single.global_best - INFO - Optimization finished | best cost: 0.037572190780946514, best pos: [ 0.30575749  0.36657742 -0.28129706 -0.30019084  0.37296799 -0.43234816
 -0.32025969  0.35778605  3.58185854  2.50550676  2.53886228  3.5911798
  0.02634573]
